Build started 21/11/2013 18:40:49.
     1>Project "C:\Users\Edward\Desktop\graCWhome\space\space\space.vcxproj" on node 2 (build target(s)).
     1>InitializeBuildStatus:
         Creating "Debug\space.unsuccessfulbuild" because "AlwaysCreate" was specified.
       ClCompile:
         c:\Program Files\Microsoft Visual Studio 10.0\VC\bin\CL.exe /c /ZI /nologo /W3 /WX- /Od /Oy- /D WIN32 /D _DEBUG /D _CONSOLE /D _UNICODE /D UNICODE /Gm /EHsc /RTC1 /MDd /GS /fp:precise /Zc:wchar_t /Zc:forScope /Fo"Debug\\" /Fd"Debug\vc100.pdb" /Gd /TP /analyze- /errorReport:prompt mainProg.cpp
         Skipping... (no relevant changes detected)
         mainProg.cpp
       ManifestResourceCompile:
         All outputs are up-to-date.
       Link:
         c:\Program Files\Microsoft Visual Studio 10.0\VC\bin\link.exe /ERRORREPORT:PROMPT /OUT:"C:\Users\Edward\Desktop\graCWhome\space\Debug\space.exe" /INCREMENTAL /NOLOGO glut32.lib SOIL.lib kernel32.lib user32.lib gdi32.lib winspool.lib comdlg32.lib advapi32.lib shell32.lib ole32.lib oleaut32.lib uuid.lib odbc32.lib odbccp32.lib /MANIFEST /ManifestFile:"Debug\space.exe.intermediate.manifest" /MANIFESTUAC:"level='asInvoker' uiAccess='false'" /DEBUG /PDB:"C:\Users\Edward\Desktop\graCWhome\space\Debug\space.pdb" /SUBSYSTEM:CONSOLE /TLBID:1 /DYNAMICBASE /NXCOMPAT /IMPLIB:"C:\Users\Edward\Desktop\graCWhome\space\Debug\space.lib" /MACHINE:X86 Debug\space.exe.embed.manifest.res
         Debug\mainProg.obj
       Manifest:
         C:\Program Files\Microsoft SDKs\Windows\v7.0A\bin\mt.exe /nologo /verbose /out:"Debug\space.exe.embed.manifest" /manifest Debug\space.exe.intermediate.manifest
         All outputs are up-to-date.
       LinkEmbedManifest:
         All outputs are up-to-date.
         space.vcxproj -> C:\Users\Edward\Desktop\graCWhome\space\Debug\space.exe
       FinalizeBuildStatus:
         Deleting file "Debug\space.unsuccessfulbuild".
         Touching "Debug\space.lastbuildstate".
     1>Done Building Project "C:\Users\Edward\Desktop\graCWhome\space\space\space.vcxproj" (build target(s)).

Build succeeded.

Time Elapsed 00:00:05.64
